<?xml version="1.0" encoding="UTF-8"?>
<testng-results skipped="0" failed="0" ignored="0" total="2" passed="2">
  <reporter-output>
  </reporter-output>
  <suite name="Learning TestNG" duration-ms="12243" started-at="2019-12-03T19:54:27Z" finished-at="2019-12-03T19:54:39Z">
    <groups>
      <group name="login">
        <method signature="LoginTest.loginValidation()[pri:0, instance:testpages.LoginTest@2a5ca609]" name="loginValidation" class="testpages.LoginTest"/>
        <method signature="WelcomeTestPage.loginButton()[pri:0, instance:testpages.WelcomeTestPage@2a2d45ba]" name="loginButton" class="testpages.WelcomeTestPage"/>
      </group> <!-- login -->
    </groups>
    <test name="Test" duration-ms="12243" started-at="2019-12-03T19:54:27Z" finished-at="2019-12-03T19:54:39Z">
      <class name="testpages.WelcomeTestPage">
        <test-method status="PASS" signature="beforeMethod()[pri:0, instance:testpages.WelcomeTestPage@2a2d45ba]" name="beforeMethod" is-config="true" duration-ms="6790" started-at="2019-12-03T14:54:27Z" finished-at="2019-12-03T14:54:34Z">
          <reporter-output>
          </reporter-output>
        </test-method> <!-- beforeMethod -->
        <test-method status="PASS" signature="loginButton()[pri:0, instance:testpages.WelcomeTestPage@2a2d45ba]" name="loginButton" duration-ms="494" started-at="2019-12-03T14:54:34Z" finished-at="2019-12-03T14:54:34Z">
          <reporter-output>
          </reporter-output>
        </test-method> <!-- loginButton -->
        <test-method status="PASS" signature="afterMethod()[pri:0, instance:testpages.WelcomeTestPage@2a2d45ba]" name="afterMethod" is-config="true" duration-ms="0" started-at="2019-12-03T14:54:34Z" finished-at="2019-12-03T14:54:34Z">
          <reporter-output>
          </reporter-output>
        </test-method> <!-- afterMethod -->
      </class> <!-- testpages.WelcomeTestPage -->
      <class name="testpages.LoginTest">
        <test-method status="PASS" signature="beforeMethod()[pri:0, instance:testpages.LoginTest@2a5ca609]" name="beforeMethod" is-config="true" duration-ms="1" started-at="2019-12-03T14:54:34Z" finished-at="2019-12-03T14:54:34Z">
          <reporter-output>
          </reporter-output>
        </test-method> <!-- beforeMethod -->
        <test-method status="PASS" signature="loginValidation()[pri:0, instance:testpages.LoginTest@2a5ca609]" name="loginValidation" duration-ms="4938" started-at="2019-12-03T14:54:34Z" finished-at="2019-12-03T14:54:39Z">
          <reporter-output>
          </reporter-output>
        </test-method> <!-- loginValidation -->
      </class> <!-- testpages.LoginTest -->
    </test> <!-- Test -->
  </suite> <!-- Learning TestNG -->
</testng-results>
